{"C:\\Users\\hp\\projects\\hub\\task-management\\src\\index.ts": {"path":"C:\\Users\\hp\\projects\\hub\\task-management\\src\\index.ts","statementMap":{"0":{"start":{"line":1,"column":0},"end":{"line":1,"column":43}},"1":{"start":{"line":2,"column":0},"end":{"line":2,"column":34}},"2":{"start":{"line":3,"column":0},"end":{"line":3,"column":46}},"3":{"start":{"line":4,"column":0},"end":{"line":4,"column":60}},"4":{"start":{"line":5,"column":0},"end":{"line":5,"column":30}},"5":{"start":{"line":6,"column":0},"end":{"line":6,"column":50}},"6":{"start":{"line":7,"column":0},"end":{"line":7,"column":49}},"7":{"start":{"line":8,"column":0},"end":{"line":8,"column":33}},"8":{"start":{"line":10,"column":21},"end":{"line":10,"column":30}},"9":{"start":{"line":12,"column":0},"end":{"line":12,"column":24}},"10":{"start":{"line":14,"column":0},"end":{"line":19,"column":3}},"11":{"start":{"line":15,"column":2},"end":{"line":18,"column":5}},"12":{"start":{"line":21,"column":0},"end":{"line":21,"column":31}},"13":{"start":{"line":22,"column":0},"end":{"line":22,"column":48}},"14":{"start":{"line":24,"column":13},"end":{"line":26,"column":3}},"15":{"start":{"line":28,"column":0},"end":{"line":28,"column":23}},"16":{"start":{"line":29,"column":0},"end":{"line":29,"column":22}},"17":{"start":{"line":31,"column":0},"end":{"line":33,"column":3}},"18":{"start":{"line":32,"column":2},"end":{"line":32,"column":52}},"19":{"start":{"line":35,"column":0},"end":{"line":35,"column":19}}},"fnMap":{"0":{"name":"(anonymous_1)","decl":{"start":{"line":14,"column":19},"end":{"line":14,"column":20}},"loc":{"start":{"line":14,"column":32},"end":{"line":19,"column":1}}},"1":{"name":"(anonymous_2)","decl":{"start":{"line":31,"column":24},"end":{"line":31,"column":27}},"loc":{"start":{"line":31,"column":29},"end":{"line":33,"column":1}}}},"branchMap":{},"s":{"0":0,"1":0,"2":0,"3":0,"4":0,"5":0,"6":0,"7":0,"8":0,"9":0,"10":0,"11":0,"12":0,"13":0,"14":0,"15":0,"16":0,"17":0,"18":0,"19":0},"f":{"0":0,"1":0},"b":{}}
,"C:\\Users\\hp\\projects\\hub\\task-management\\src\\config\\index.ts": {"path":"C:\\Users\\hp\\projects\\hub\\task-management\\src\\config\\index.ts","statementMap":{"0":{"start":{"line":1,"column":0},"end":{"line":1,"column":28}},"1":{"start":{"line":2,"column":0},"end":{"line":2,"column":16}},"2":{"start":{"line":4,"column":15},"end":{"line":12,"column":2}},"3":{"start":{"line":14,"column":0},"end":{"line":14,"column":22}}},"fnMap":{},"branchMap":{"0":{"loc":{"start":{"line":5,"column":8},"end":{"line":5,"column":32}},"type":"cond-expr","locations":[{"start":{"line":5,"column":24},"end":{"line":5,"column":28}},{"start":{"line":5,"column":28},"end":{"line":5,"column":32}}]},"1":{"loc":{"start":{"line":5,"column":8},"end":{"line":5,"column":28}},"type":"binary-expr","locations":[{"start":{"line":5,"column":8},"end":{"line":5,"column":28}},{"start":{"line":5,"column":24},"end":{"line":5,"column":28}}]}},"s":{"0":0,"1":0,"2":0,"3":0},"f":{},"b":{"0":[0,0],"1":[0,0]}}
,"C:\\Users\\hp\\projects\\hub\\task-management\\src\\config\\swaggerConfig.ts": {"path":"C:\\Users\\hp\\projects\\hub\\task-management\\src\\config\\swaggerConfig.ts","statementMap":{"0":{"start":{"line":1,"column":0},"end":{"line":1,"column":73}},"1":{"start":{"line":2,"column":13},"end":{"line":2,"column":29}},"2":{"start":{"line":3,"column":45},"end":{"line":44,"column":2}},"3":{"start":{"line":46,"column":25},"end":{"line":49,"column":2}},"4":{"start":{"line":50,"column":19},"end":{"line":50,"column":40}},"5":{"start":{"line":51,"column":0},"end":{"line":51,"column":26}}},"fnMap":{},"branchMap":{},"s":{"0":0,"1":0,"2":0,"3":0,"4":0,"5":0},"f":{},"b":{}}
,"C:\\Users\\hp\\projects\\hub\\task-management\\src\\controllers\\auth.ts": {"path":"C:\\Users\\hp\\projects\\hub\\task-management\\src\\controllers\\auth.ts","statementMap":{"0":{"start":{"line":2,"column":0},"end":{"line":2,"column":54}},"1":{"start":{"line":3,"column":0},"end":{"line":3,"column":55}},"2":{"start":{"line":5,"column":20},"end":{"line":5,"column":37}},"3":{"start":{"line":6,"column":19},"end":{"line":6,"column":35}},"4":{"start":{"line":8,"column":13},"end":{"line":15,"column":3}},"5":{"start":{"line":8,"column":73},"end":{"line":15,"column":2}},"6":{"start":{"line":9,"column":28},"end":{"line":9,"column":62}},"7":{"start":{"line":11,"column":15},"end":{"line":13,"column":4}},"8":{"start":{"line":14,"column":2},"end":{"line":14,"column":60}},"9":{"start":{"line":17,"column":13},"end":{"line":25,"column":3}},"10":{"start":{"line":17,"column":72},"end":{"line":25,"column":2}},"11":{"start":{"line":18,"column":42},"end":{"line":18,"column":75}},"12":{"start":{"line":20,"column":15},"end":{"line":23,"column":4}},"13":{"start":{"line":24,"column":2},"end":{"line":24,"column":60}},"14":{"start":{"line":27,"column":13},"end":{"line":34,"column":3}},"15":{"start":{"line":27,"column":76},"end":{"line":34,"column":2}},"16":{"start":{"line":28,"column":20},"end":{"line":28,"column":28}},"17":{"start":{"line":29,"column":22},"end":{"line":29,"column":55}},"18":{"start":{"line":30,"column":2},"end":{"line":33,"column":5}},"19":{"start":{"line":36,"column":13},"end":{"line":42,"column":3}},"20":{"start":{"line":36,"column":76},"end":{"line":42,"column":2}},"21":{"start":{"line":37,"column":20},"end":{"line":37,"column":28}},"22":{"start":{"line":39,"column":22},"end":{"line":39,"column":56}},"23":{"start":{"line":41,"column":2},"end":{"line":41,"column":61}},"24":{"start":{"line":44,"column":13},"end":{"line":52,"column":2}},"25":{"start":{"line":45,"column":40},"end":{"line":51,"column":null}},"26":{"start":{"line":46,"column":22},"end":{"line":46,"column":30}},"27":{"start":{"line":48,"column":24},"end":{"line":48,"column":63}},"28":{"start":{"line":50,"column":4},"end":{"line":50,"column":63}},"29":{"start":{"line":54,"column":13},"end":{"line":66,"column":2}},"30":{"start":{"line":55,"column":40},"end":{"line":65,"column":null}},"31":{"start":{"line":56,"column":54},"end":{"line":56,"column":62}},"32":{"start":{"line":58,"column":24},"end":{"line":61,"column":null}},"33":{"start":{"line":64,"column":4},"end":{"line":64,"column":63}}},"fnMap":{"0":{"name":"(anonymous_8)","decl":{"start":{"line":8,"column":35},"end":{"line":8,"column":42}},"loc":{"start":{"line":8,"column":73},"end":{"line":15,"column":2}}},"1":{"name":"(anonymous_9)","decl":{"start":{"line":8,"column":73},"end":{"line":8,"column":null}},"loc":{"start":{"line":8,"column":73},"end":{"line":15,"column":1}}},"2":{"name":"(anonymous_10)","decl":{"start":{"line":17,"column":34},"end":{"line":17,"column":41}},"loc":{"start":{"line":17,"column":72},"end":{"line":25,"column":2}}},"3":{"name":"(anonymous_11)","decl":{"start":{"line":17,"column":72},"end":{"line":17,"column":null}},"loc":{"start":{"line":17,"column":72},"end":{"line":25,"column":1}}},"4":{"name":"(anonymous_12)","decl":{"start":{"line":27,"column":38},"end":{"line":27,"column":45}},"loc":{"start":{"line":27,"column":76},"end":{"line":34,"column":2}}},"5":{"name":"(anonymous_13)","decl":{"start":{"line":27,"column":76},"end":{"line":27,"column":null}},"loc":{"start":{"line":27,"column":76},"end":{"line":34,"column":1}}},"6":{"name":"(anonymous_14)","decl":{"start":{"line":36,"column":38},"end":{"line":36,"column":45}},"loc":{"start":{"line":36,"column":76},"end":{"line":42,"column":2}}},"7":{"name":"(anonymous_15)","decl":{"start":{"line":36,"column":76},"end":{"line":36,"column":null}},"loc":{"start":{"line":36,"column":76},"end":{"line":42,"column":1}}},"8":{"name":"(anonymous_16)","decl":{"start":{"line":45,"column":2},"end":{"line":45,"column":9}},"loc":{"start":{"line":45,"column":40},"end":{"line":51,"column":null}}},"9":{"name":"(anonymous_17)","decl":{"start":{"line":45,"column":40},"end":{"line":45,"column":null}},"loc":{"start":{"line":45,"column":40},"end":{"line":51,"column":3}}},"10":{"name":"(anonymous_18)","decl":{"start":{"line":55,"column":2},"end":{"line":55,"column":9}},"loc":{"start":{"line":55,"column":40},"end":{"line":65,"column":null}}},"11":{"name":"(anonymous_19)","decl":{"start":{"line":55,"column":40},"end":{"line":55,"column":null}},"loc":{"start":{"line":55,"column":40},"end":{"line":65,"column":3}}}},"branchMap":{},"s":{"0":0,"1":0,"2":0,"3":0,"4":0,"5":0,"6":0,"7":0,"8":0,"9":0,"10":0,"11":0,"12":0,"13":0,"14":0,"15":0,"16":0,"17":0,"18":0,"19":0,"20":0,"21":0,"22":0,"23":0,"24":0,"25":0,"26":0,"27":0,"28":0,"29":0,"30":0,"31":0,"32":0,"33":0},"f":{"0":0,"1":0,"2":0,"3":0,"4":0,"5":0,"6":0,"7":0,"8":0,"9":0,"10":0,"11":0},"b":{}}
,"C:\\Users\\hp\\projects\\hub\\task-management\\src\\controllers\\index.ts": {"path":"C:\\Users\\hp\\projects\\hub\\task-management\\src\\controllers\\index.ts","statementMap":{"0":{"start":{"line":1,"column":0},"end":{"line":1,"column":23}},"1":{"start":{"line":2,"column":0},"end":{"line":2,"column":23}}},"fnMap":{},"branchMap":{},"s":{"0":0,"1":0},"f":{},"b":{}}
,"C:\\Users\\hp\\projects\\hub\\task-management\\src\\controllers\\task.ts": {"path":"C:\\Users\\hp\\projects\\hub\\task-management\\src\\controllers\\task.ts","statementMap":{"0":{"start":{"line":2,"column":0},"end":{"line":2,"column":54}},"1":{"start":{"line":3,"column":0},"end":{"line":3,"column":55}},"2":{"start":{"line":5,"column":20},"end":{"line":5,"column":37}},"3":{"start":{"line":6,"column":13},"end":{"line":11,"column":3}},"4":{"start":{"line":6,"column":77},"end":{"line":11,"column":2}},"5":{"start":{"line":7,"column":17},"end":{"line":7,"column":28}},"6":{"start":{"line":9,"column":28},"end":{"line":9,"column":74}},"7":{"start":{"line":10,"column":2},"end":{"line":10,"column":42}},"8":{"start":{"line":13,"column":13},"end":{"line":26,"column":3}},"9":{"start":{"line":13,"column":77},"end":{"line":26,"column":2}},"10":{"start":{"line":14,"column":15},"end":{"line":14,"column":23}},"11":{"start":{"line":15,"column":15},"end":{"line":15,"column":62}},"12":{"start":{"line":16,"column":16},"end":{"line":16,"column":65}},"13":{"start":{"line":18,"column":28},"end":{"line":18,"column":75}},"14":{"start":{"line":20,"column":2},"end":{"line":25,"column":5}},"15":{"start":{"line":28,"column":13},"end":{"line":38,"column":3}},"16":{"start":{"line":28,"column":78},"end":{"line":38,"column":2}},"17":{"start":{"line":29,"column":15},"end":{"line":29,"column":23}},"18":{"start":{"line":30,"column":17},"end":{"line":30,"column":30}},"19":{"start":{"line":31,"column":2},"end":{"line":31,"column":32}},"20":{"start":{"line":32,"column":28},"end":{"line":32,"column":71}},"21":{"start":{"line":34,"column":2},"end":{"line":37,"column":5}},"22":{"start":{"line":40,"column":13},"end":{"line":53,"column":3}},"23":{"start":{"line":40,"column":77},"end":{"line":53,"column":2}},"24":{"start":{"line":41,"column":15},"end":{"line":41,"column":23}},"25":{"start":{"line":42,"column":17},"end":{"line":42,"column":30}},"26":{"start":{"line":43,"column":2},"end":{"line":49,"column":3}},"27":{"start":{"line":44,"column":4},"end":{"line":48,"column":7}},"28":{"start":{"line":50,"column":28},"end":{"line":50,"column":70}},"29":{"start":{"line":52,"column":2},"end":{"line":52,"column":49}},"30":{"start":{"line":54,"column":13},"end":{"line":67,"column":3}},"31":{"start":{"line":54,"column":77},"end":{"line":67,"column":2}},"32":{"start":{"line":55,"column":15},"end":{"line":55,"column":23}},"33":{"start":{"line":56,"column":17},"end":{"line":56,"column":30}},"34":{"start":{"line":57,"column":2},"end":{"line":63,"column":3}},"35":{"start":{"line":58,"column":4},"end":{"line":62,"column":7}},"36":{"start":{"line":64,"column":19},"end":{"line":64,"column":71}},"37":{"start":{"line":66,"column":2},"end":{"line":66,"column":40}},"38":{"start":{"line":69,"column":13},"end":{"line":73,"column":3}},"39":{"start":{"line":69,"column":76},"end":{"line":73,"column":2}},"40":{"start":{"line":70,"column":29},"end":{"line":70,"column":37}},"41":{"start":{"line":71,"column":19},"end":{"line":71,"column":62}},"42":{"start":{"line":72,"column":2},"end":{"line":72,"column":33}}},"fnMap":{"0":{"name":"(anonymous_8)","decl":{"start":{"line":6,"column":39},"end":{"line":6,"column":46}},"loc":{"start":{"line":6,"column":77},"end":{"line":11,"column":2}}},"1":{"name":"(anonymous_9)","decl":{"start":{"line":6,"column":77},"end":{"line":6,"column":null}},"loc":{"start":{"line":6,"column":77},"end":{"line":11,"column":1}}},"2":{"name":"(anonymous_10)","decl":{"start":{"line":13,"column":39},"end":{"line":13,"column":46}},"loc":{"start":{"line":13,"column":77},"end":{"line":26,"column":2}}},"3":{"name":"(anonymous_11)","decl":{"start":{"line":13,"column":77},"end":{"line":13,"column":null}},"loc":{"start":{"line":13,"column":77},"end":{"line":26,"column":1}}},"4":{"name":"(anonymous_12)","decl":{"start":{"line":28,"column":40},"end":{"line":28,"column":47}},"loc":{"start":{"line":28,"column":78},"end":{"line":38,"column":2}}},"5":{"name":"(anonymous_13)","decl":{"start":{"line":28,"column":78},"end":{"line":28,"column":null}},"loc":{"start":{"line":28,"column":78},"end":{"line":38,"column":1}}},"6":{"name":"(anonymous_14)","decl":{"start":{"line":40,"column":39},"end":{"line":40,"column":46}},"loc":{"start":{"line":40,"column":77},"end":{"line":53,"column":2}}},"7":{"name":"(anonymous_15)","decl":{"start":{"line":40,"column":77},"end":{"line":40,"column":null}},"loc":{"start":{"line":40,"column":77},"end":{"line":53,"column":1}}},"8":{"name":"(anonymous_16)","decl":{"start":{"line":54,"column":39},"end":{"line":54,"column":46}},"loc":{"start":{"line":54,"column":77},"end":{"line":67,"column":2}}},"9":{"name":"(anonymous_17)","decl":{"start":{"line":54,"column":77},"end":{"line":54,"column":null}},"loc":{"start":{"line":54,"column":77},"end":{"line":67,"column":1}}},"10":{"name":"(anonymous_18)","decl":{"start":{"line":69,"column":38},"end":{"line":69,"column":45}},"loc":{"start":{"line":69,"column":76},"end":{"line":73,"column":2}}},"11":{"name":"(anonymous_19)","decl":{"start":{"line":69,"column":76},"end":{"line":69,"column":null}},"loc":{"start":{"line":69,"column":76},"end":{"line":73,"column":1}}}},"branchMap":{"0":{"loc":{"start":{"line":15,"column":25},"end":{"line":15,"column":57}},"type":"binary-expr","locations":[{"start":{"line":15,"column":25},"end":{"line":15,"column":50}},{"start":{"line":15,"column":54},"end":{"line":15,"column":57}}]},"1":{"loc":{"start":{"line":16,"column":26},"end":{"line":16,"column":60}},"type":"binary-expr","locations":[{"start":{"line":16,"column":26},"end":{"line":16,"column":52}},{"start":{"line":16,"column":56},"end":{"line":16,"column":60}}]},"2":{"loc":{"start":{"line":43,"column":2},"end":{"line":49,"column":3}},"type":"if","locations":[{"start":{"line":43,"column":2},"end":{"line":49,"column":3}}]},"3":{"loc":{"start":{"line":57,"column":2},"end":{"line":63,"column":3}},"type":"if","locations":[{"start":{"line":57,"column":2},"end":{"line":63,"column":3}}]}},"s":{"0":0,"1":0,"2":0,"3":0,"4":0,"5":0,"6":0,"7":0,"8":0,"9":0,"10":0,"11":0,"12":0,"13":0,"14":0,"15":0,"16":0,"17":0,"18":0,"19":0,"20":0,"21":0,"22":0,"23":0,"24":0,"25":0,"26":0,"27":0,"28":0,"29":0,"30":0,"31":0,"32":0,"33":0,"34":0,"35":0,"36":0,"37":0,"38":0,"39":0,"40":0,"41":0,"42":0},"f":{"0":0,"1":0,"2":0,"3":0,"4":0,"5":0,"6":0,"7":0,"8":0,"9":0,"10":0,"11":0},"b":{"0":[0,0],"1":[0,0],"2":[0],"3":[0]}}
,"C:\\Users\\hp\\projects\\hub\\task-management\\src\\docs\\auth.docs.ts": {"path":"C:\\Users\\hp\\projects\\hub\\task-management\\src\\docs\\auth.docs.ts","statementMap":{"0":{"start":{"line":1,"column":13},"end":{"line":60,"column":2}},"1":{"start":{"line":62,"column":13},"end":{"line":121,"column":2}}},"fnMap":{},"branchMap":{},"s":{"0":0,"1":0},"f":{},"b":{}}
,"C:\\Users\\hp\\projects\\hub\\task-management\\src\\docs\\task.doc.ts": {"path":"C:\\Users\\hp\\projects\\hub\\task-management\\src\\docs\\task.doc.ts","statementMap":{"0":{"start":{"line":1,"column":13},"end":{"line":91,"column":2}},"1":{"start":{"line":93,"column":13},"end":{"line":174,"column":2}},"2":{"start":{"line":175,"column":13},"end":{"line":252,"column":2}},"3":{"start":{"line":254,"column":13},"end":{"line":308,"column":2}},"4":{"start":{"line":310,"column":13},"end":{"line":403,"column":2}}},"fnMap":{},"branchMap":{},"s":{"0":0,"1":0,"2":0,"3":0,"4":0},"f":{},"b":{}}
,"C:\\Users\\hp\\projects\\hub\\task-management\\src\\middlewares\\asyncHandler.ts": {"path":"C:\\Users\\hp\\projects\\hub\\task-management\\src\\middlewares\\asyncHandler.ts","statementMap":{"0":{"start":{"line":9,"column":4},"end":{"line":12,"column":9}},"1":{"start":{"line":10,"column":8},"end":{"line":12,"column":9}},"2":{"start":{"line":11,"column":12},"end":{"line":11,"column":67}},"3":{"start":{"line":14,"column":0},"end":{"line":14,"column":28}}},"fnMap":{"0":{"name":"(anonymous_0)","decl":{"start":{"line":9,"column":4},"end":{"line":9,"column":5}},"loc":{"start":{"line":10,"column":8},"end":{"line":12,"column":9}}},"1":{"name":"(anonymous_1)","decl":{"start":{"line":10,"column":8},"end":{"line":10,"column":9}},"loc":{"start":{"line":10,"column":60},"end":{"line":12,"column":9}}}},"branchMap":{},"s":{"0":0,"1":0,"2":0,"3":0},"f":{"0":0,"1":0},"b":{}}
,"C:\\Users\\hp\\projects\\hub\\task-management\\src\\middlewares\\auth.ts": {"path":"C:\\Users\\hp\\projects\\hub\\task-management\\src\\middlewares\\auth.ts","statementMap":{"0":{"start":{"line":2,"column":0},"end":{"line":2,"column":31}},"1":{"start":{"line":3,"column":0},"end":{"line":3,"column":31}},"2":{"start":{"line":5,"column":0},"end":{"line":5,"column":34}},"3":{"start":{"line":6,"column":0},"end":{"line":6,"column":38}},"4":{"start":{"line":7,"column":0},"end":{"line":7,"column":34}},"5":{"start":{"line":9,"column":30},"end":{"line":59,"column":2}},"6":{"start":{"line":13,"column":4},"end":{"line":59,"column":2}},"7":{"start":{"line":14,"column":2},"end":{"line":58,"column":3}},"8":{"start":{"line":15,"column":23},"end":{"line":15,"column":48}},"9":{"start":{"line":17,"column":4},"end":{"line":23,"column":5}},"10":{"start":{"line":18,"column":6},"end":{"line":21,"column":9}},"11":{"start":{"line":22,"column":6},"end":{"line":22,"column":13}},"12":{"start":{"line":25,"column":18},"end":{"line":25,"column":42}},"13":{"start":{"line":26,"column":4},"end":{"line":32,"column":5}},"14":{"start":{"line":27,"column":6},"end":{"line":30,"column":9}},"15":{"start":{"line":31,"column":6},"end":{"line":31,"column":13}},"16":{"start":{"line":34,"column":4},"end":{"line":54,"column":7}},"17":{"start":{"line":34,"column":72},"end":{"line":54,"column":6}},"18":{"start":{"line":35,"column":6},"end":{"line":41,"column":7}},"19":{"start":{"line":36,"column":8},"end":{"line":39,"column":11}},"20":{"start":{"line":40,"column":8},"end":{"line":40,"column":15}},"21":{"start":{"line":42,"column":19},"end":{"line":44,"column":8}},"22":{"start":{"line":45,"column":6},"end":{"line":51,"column":7}},"23":{"start":{"line":46,"column":8},"end":{"line":49,"column":11}},"24":{"start":{"line":50,"column":8},"end":{"line":50,"column":15}},"25":{"start":{"line":52,"column":6},"end":{"line":52,"column":22}},"26":{"start":{"line":53,"column":6},"end":{"line":53,"column":13}},"27":{"start":{"line":56,"column":4},"end":{"line":56,"column":21}},"28":{"start":{"line":57,"column":4},"end":{"line":57,"column":51}},"29":{"start":{"line":9,"column":13},"end":{"line":9,"column":30}}},"fnMap":{"0":{"name":"(anonymous_8)","decl":{"start":{"line":9,"column":30},"end":{"line":9,"column":null}},"loc":{"start":{"line":13,"column":4},"end":{"line":59,"column":2}}},"1":{"name":"(anonymous_9)","decl":{"start":{"line":13,"column":4},"end":{"line":13,"column":null}},"loc":{"start":{"line":13,"column":4},"end":{"line":59,"column":1}}},"2":{"name":"(anonymous_10)","decl":{"start":{"line":34,"column":44},"end":{"line":34,"column":51}},"loc":{"start":{"line":34,"column":72},"end":{"line":54,"column":6}}},"3":{"name":"(anonymous_11)","decl":{"start":{"line":34,"column":72},"end":{"line":34,"column":null}},"loc":{"start":{"line":34,"column":72},"end":{"line":54,"column":5}}}},"branchMap":{"0":{"loc":{"start":{"line":17,"column":4},"end":{"line":23,"column":5}},"type":"if","locations":[{"start":{"line":17,"column":4},"end":{"line":23,"column":5}}]},"1":{"loc":{"start":{"line":17,"column":8},"end":{"line":17,"column":56}},"type":"binary-expr","locations":[{"start":{"line":17,"column":8},"end":{"line":17,"column":19}},{"start":{"line":17,"column":23},"end":{"line":17,"column":56}}]},"2":{"loc":{"start":{"line":26,"column":4},"end":{"line":32,"column":5}},"type":"if","locations":[{"start":{"line":26,"column":4},"end":{"line":32,"column":5}}]},"3":{"loc":{"start":{"line":35,"column":6},"end":{"line":41,"column":7}},"type":"if","locations":[{"start":{"line":35,"column":6},"end":{"line":41,"column":7}}]},"4":{"loc":{"start":{"line":45,"column":6},"end":{"line":51,"column":7}},"type":"if","locations":[{"start":{"line":45,"column":6},"end":{"line":51,"column":7}}]}},"s":{"0":0,"1":0,"2":0,"3":0,"4":0,"5":0,"6":0,"7":0,"8":0,"9":0,"10":0,"11":0,"12":0,"13":0,"14":0,"15":0,"16":0,"17":0,"18":0,"19":0,"20":0,"21":0,"22":0,"23":0,"24":0,"25":0,"26":0,"27":0,"28":0,"29":0},"f":{"0":0,"1":0,"2":0,"3":0},"b":{"0":[0],"1":[0,0],"2":[0],"3":[0],"4":[0]}}
,"C:\\Users\\hp\\projects\\hub\\task-management\\src\\middlewares\\error.ts": {"path":"C:\\Users\\hp\\projects\\hub\\task-management\\src\\middlewares\\error.ts","statementMap":{"0":{"start":{"line":2,"column":0},"end":{"line":2,"column":31}},"1":{"start":{"line":3,"column":0},"end":{"line":3,"column":34}},"2":{"start":{"line":10,"column":4},"end":{"line":10,"column":19}},"3":{"start":{"line":7,"column":2},"end":{"line":7,"column":27}},"4":{"start":{"line":11,"column":4},"end":{"line":11,"column":38}},"5":{"start":{"line":12,"column":4},"end":{"line":12,"column":34}},"6":{"start":{"line":96,"column":2},"end":{"line":96,"column":11}},"7":{"start":{"line":18,"column":4},"end":{"line":18,"column":24}},"8":{"start":{"line":92,"column":2},"end":{"line":92,"column":12}},"9":{"start":{"line":24,"column":4},"end":{"line":24,"column":24}},"10":{"start":{"line":98,"column":2},"end":{"line":98,"column":18}},"11":{"start":{"line":30,"column":4},"end":{"line":30,"column":24}},"12":{"start":{"line":101,"column":2},"end":{"line":101,"column":17}},"13":{"start":{"line":36,"column":4},"end":{"line":36,"column":24}},"14":{"start":{"line":95,"column":2},"end":{"line":95,"column":14}},"15":{"start":{"line":42,"column":4},"end":{"line":42,"column":24}},"16":{"start":{"line":93,"column":2},"end":{"line":93,"column":10}},"17":{"start":{"line":48,"column":4},"end":{"line":48,"column":24}},"18":{"start":{"line":97,"column":2},"end":{"line":97,"column":14}},"19":{"start":{"line":54,"column":4},"end":{"line":54,"column":24}},"20":{"start":{"line":102,"column":2},"end":{"line":102,"column":9}},"21":{"start":{"line":60,"column":4},"end":{"line":60,"column":24}},"22":{"start":{"line":100,"column":2},"end":{"line":100,"column":13}},"23":{"start":{"line":64,"column":22},"end":{"line":67,"column":1}},"24":{"start":{"line":65,"column":18},"end":{"line":65,"column":55}},"25":{"start":{"line":66,"column":2},"end":{"line":66,"column":65}},"26":{"start":{"line":99,"column":2},"end":{"line":99,"column":15}},"27":{"start":{"line":69,"column":21},"end":{"line":89,"column":1}},"28":{"start":{"line":75,"column":2},"end":{"line":75,"column":null}},"29":{"start":{"line":76,"column":18},"end":{"line":76,"column":65}},"30":{"start":{"line":77,"column":22},"end":{"line":77,"column":44}},"31":{"start":{"line":78,"column":18},"end":{"line":78,"column":63}},"32":{"start":{"line":79,"column":25},"end":{"line":79,"column":50}},"33":{"start":{"line":81,"column":2},"end":{"line":83,"column":3}},"34":{"start":{"line":82,"column":4},"end":{"line":82,"column":28}},"35":{"start":{"line":84,"column":2},"end":{"line":88,"column":5}},"36":{"start":{"line":94,"column":2},"end":{"line":94,"column":14}}},"fnMap":{"0":{"name":"(anonymous_1)","decl":{"start":{"line":9,"column":2},"end":{"line":9,"column":14}},"loc":{"start":{"line":9,"column":49},"end":{"line":13,"column":3}}},"1":{"name":"(anonymous_2)","decl":{"start":{"line":17,"column":2},"end":{"line":17,"column":14}},"loc":{"start":{"line":17,"column":29},"end":{"line":19,"column":3}}},"2":{"name":"(anonymous_3)","decl":{"start":{"line":23,"column":2},"end":{"line":23,"column":14}},"loc":{"start":{"line":23,"column":29},"end":{"line":25,"column":3}}},"3":{"name":"(anonymous_4)","decl":{"start":{"line":29,"column":2},"end":{"line":29,"column":14}},"loc":{"start":{"line":29,"column":29},"end":{"line":31,"column":3}}},"4":{"name":"(anonymous_5)","decl":{"start":{"line":35,"column":2},"end":{"line":35,"column":14}},"loc":{"start":{"line":35,"column":29},"end":{"line":37,"column":3}}},"5":{"name":"(anonymous_6)","decl":{"start":{"line":41,"column":2},"end":{"line":41,"column":14}},"loc":{"start":{"line":41,"column":29},"end":{"line":43,"column":3}}},"6":{"name":"(anonymous_7)","decl":{"start":{"line":47,"column":2},"end":{"line":47,"column":14}},"loc":{"start":{"line":47,"column":29},"end":{"line":49,"column":3}}},"7":{"name":"(anonymous_8)","decl":{"start":{"line":53,"column":2},"end":{"line":53,"column":14}},"loc":{"start":{"line":53,"column":29},"end":{"line":55,"column":3}}},"8":{"name":"(anonymous_9)","decl":{"start":{"line":59,"column":2},"end":{"line":59,"column":14}},"loc":{"start":{"line":59,"column":29},"end":{"line":61,"column":3}}},"9":{"name":"(anonymous_10)","decl":{"start":{"line":64,"column":22},"end":{"line":64,"column":23}},"loc":{"start":{"line":64,"column":74},"end":{"line":67,"column":1}}},"10":{"name":"(anonymous_11)","decl":{"start":{"line":69,"column":21},"end":{"line":69,"column":null}},"loc":{"start":{"line":74,"column":4},"end":{"line":89,"column":1}}}},"branchMap":{"0":{"loc":{"start":{"line":76,"column":18},"end":{"line":76,"column":65}},"type":"cond-expr","locations":[{"start":{"line":76,"column":46},"end":{"line":76,"column":57}},{"start":{"line":76,"column":60},"end":{"line":76,"column":65}}]},"1":{"loc":{"start":{"line":77,"column":22},"end":{"line":77,"column":44}},"type":"binary-expr","locations":[{"start":{"line":77,"column":22},"end":{"line":77,"column":37}},{"start":{"line":77,"column":41},"end":{"line":77,"column":44}}]},"2":{"loc":{"start":{"line":78,"column":18},"end":{"line":78,"column":63}},"type":"binary-expr","locations":[{"start":{"line":78,"column":18},"end":{"line":78,"column":29}},{"start":{"line":78,"column":33},"end":{"line":78,"column":63}}]},"3":{"loc":{"start":{"line":81,"column":2},"end":{"line":83,"column":3}},"type":"if","locations":[{"start":{"line":81,"column":2},"end":{"line":83,"column":3}}]}},"s":{"0":0,"1":0,"2":0,"3":0,"4":0,"5":0,"6":0,"7":0,"8":0,"9":0,"10":0,"11":0,"12":0,"13":0,"14":0,"15":0,"16":0,"17":0,"18":0,"19":0,"20":0,"21":0,"22":0,"23":0,"24":0,"25":0,"26":0,"27":0,"28":0,"29":0,"30":0,"31":0,"32":0,"33":0,"34":0,"35":0,"36":0},"f":{"0":0,"1":0,"2":0,"3":0,"4":0,"5":0,"6":0,"7":0,"8":0,"9":0,"10":0},"b":{"0":[0,0],"1":[0,0],"2":[0,0],"3":[0]}}
,"C:\\Users\\hp\\projects\\hub\\task-management\\src\\middlewares\\index.ts": {"path":"C:\\Users\\hp\\projects\\hub\\task-management\\src\\middlewares\\index.ts","statementMap":{"0":{"start":{"line":1,"column":0},"end":{"line":1,"column":23}},"1":{"start":{"line":2,"column":0},"end":{"line":2,"column":22}},"2":{"start":{"line":3,"column":0},"end":{"line":3,"column":28}},"3":{"start":{"line":4,"column":0},"end":{"line":4,"column":30}},"4":{"start":{"line":5,"column":0},"end":{"line":5,"column":22}}},"fnMap":{},"branchMap":{},"s":{"0":0,"1":0,"2":0,"3":0,"4":0},"f":{},"b":{}}
,"C:\\Users\\hp\\projects\\hub\\task-management\\src\\middlewares\\validation.ts": {"path":"C:\\Users\\hp\\projects\\hub\\task-management\\src\\middlewares\\validation.ts","statementMap":{"0":{"start":{"line":4,"column":0},"end":{"line":4,"column":16}},"1":{"start":{"line":2,"column":0},"end":{"line":2,"column":34}},"2":{"start":{"line":5,"column":2},"end":{"line":19,"column":4}},"3":{"start":{"line":6,"column":4},"end":{"line":18,"column":5}},"4":{"start":{"line":7,"column":6},"end":{"line":7,"column":29}},"5":{"start":{"line":8,"column":6},"end":{"line":8,"column":13}},"6":{"start":{"line":10,"column":6},"end":{"line":17,"column":7}},"7":{"start":{"line":11,"column":30},"end":{"line":13,"column":11}},"8":{"start":{"line":11,"column":64},"end":{"line":13,"column":10}},"9":{"start":{"line":14,"column":8},"end":{"line":14,"column":56}},"10":{"start":{"line":16,"column":8},"end":{"line":16,"column":65}}},"fnMap":{"0":{"name":"validateData","decl":{"start":{"line":4,"column":16},"end":{"line":4,"column":28}},"loc":{"start":{"line":4,"column":58},"end":{"line":20,"column":1}}},"1":{"name":"(anonymous_1)","decl":{"start":{"line":5,"column":9},"end":{"line":5,"column":10}},"loc":{"start":{"line":5,"column":61},"end":{"line":19,"column":3}}},"2":{"name":"(anonymous_2)","decl":{"start":{"line":11,"column":47},"end":{"line":11,"column":48}},"loc":{"start":{"line":11,"column":64},"end":{"line":13,"column":10}}}},"branchMap":{"0":{"loc":{"start":{"line":10,"column":6},"end":{"line":17,"column":7}},"type":"if","locations":[{"start":{"line":10,"column":6},"end":{"line":17,"column":7}},{"start":{"line":15,"column":13},"end":{"line":17,"column":7}}]}},"s":{"0":0,"1":0,"2":0,"3":0,"4":0,"5":0,"6":0,"7":0,"8":0,"9":0,"10":0},"f":{"0":0,"1":0,"2":0},"b":{"0":[0,0]}}
,"C:\\Users\\hp\\projects\\hub\\task-management\\src\\prisma\\client.ts": {"path":"C:\\Users\\hp\\projects\\hub\\task-management\\src\\prisma\\client.ts","statementMap":{"0":{"start":{"line":1,"column":0},"end":{"line":1,"column":46}},"1":{"start":{"line":3,"column":15},"end":{"line":3,"column":33}},"2":{"start":{"line":4,"column":0},"end":{"line":4,"column":22}}},"fnMap":{},"branchMap":{},"s":{"0":0,"1":0,"2":0},"f":{},"b":{}}
,"C:\\Users\\hp\\projects\\hub\\task-management\\src\\routes\\auth.ts": {"path":"C:\\Users\\hp\\projects\\hub\\task-management\\src\\routes\\auth.ts","statementMap":{"0":{"start":{"line":1,"column":0},"end":{"line":1,"column":null}},"1":{"start":{"line":8,"column":0},"end":{"line":8,"column":46}},"2":{"start":{"line":9,"column":0},"end":{"line":9,"column":null}},"3":{"start":{"line":17,"column":0},"end":{"line":17,"column":33}},"4":{"start":{"line":19,"column":18},"end":{"line":19,"column":26}},"5":{"start":{"line":36,"column":9},"end":{"line":36,"column":18}},"6":{"start":{"line":21,"column":0},"end":{"line":21,"column":64}},"7":{"start":{"line":22,"column":0},"end":{"line":22,"column":59}},"8":{"start":{"line":23,"column":0},"end":{"line":23,"column":66}},"9":{"start":{"line":24,"column":0},"end":{"line":24,"column":72}},"10":{"start":{"line":25,"column":0},"end":{"line":29,"column":2}},"11":{"start":{"line":30,"column":0},"end":{"line":34,"column":2}}},"fnMap":{},"branchMap":{},"s":{"0":0,"1":0,"2":0,"3":0,"4":0,"5":0,"6":0,"7":0,"8":0,"9":0,"10":0,"11":0},"f":{},"b":{}}
,"C:\\Users\\hp\\projects\\hub\\task-management\\src\\routes\\index.ts": {"path":"C:\\Users\\hp\\projects\\hub\\task-management\\src\\routes\\index.ts","statementMap":{"0":{"start":{"line":1,"column":0},"end":{"line":1,"column":33}},"1":{"start":{"line":2,"column":0},"end":{"line":2,"column":35}},"2":{"start":{"line":3,"column":0},"end":{"line":3,"column":35}},"3":{"start":{"line":5,"column":27},"end":{"line":5,"column":35}},"4":{"start":{"line":6,"column":0},"end":{"line":6,"column":36}},"5":{"start":{"line":7,"column":0},"end":{"line":7,"column":36}},"6":{"start":{"line":9,"column":0},"end":{"line":9,"column":26}}},"fnMap":{},"branchMap":{},"s":{"0":0,"1":0,"2":0,"3":0,"4":0,"5":0,"6":0},"f":{},"b":{}}
,"C:\\Users\\hp\\projects\\hub\\task-management\\src\\routes\\task.ts": {"path":"C:\\Users\\hp\\projects\\hub\\task-management\\src\\routes\\task.ts","statementMap":{"0":{"start":{"line":1,"column":0},"end":{"line":1,"column":56}},"1":{"start":{"line":2,"column":0},"end":{"line":2,"column":62}},"2":{"start":{"line":3,"column":0},"end":{"line":3,"column":null}},"3":{"start":{"line":11,"column":0},"end":{"line":11,"column":33}},"4":{"start":{"line":12,"column":18},"end":{"line":12,"column":26}},"5":{"start":{"line":25,"column":9},"end":{"line":25,"column":18}},"6":{"start":{"line":14,"column":0},"end":{"line":14,"column":74}},"7":{"start":{"line":15,"column":0},"end":{"line":15,"column":47}},"8":{"start":{"line":16,"column":0},"end":{"line":16,"column":51}},"9":{"start":{"line":17,"column":0},"end":{"line":17,"column":53}},"10":{"start":{"line":18,"column":0},"end":{"line":18,"column":76}},"11":{"start":{"line":19,"column":0},"end":{"line":24,"column":2}}},"fnMap":{},"branchMap":{},"s":{"0":0,"1":0,"2":0,"3":0,"4":0,"5":0,"6":0,"7":0,"8":0,"9":0,"10":0,"11":0},"f":{},"b":{}}
,"C:\\Users\\hp\\projects\\hub\\task-management\\src\\schema\\index.ts": {"path":"C:\\Users\\hp\\projects\\hub\\task-management\\src\\schema\\index.ts","statementMap":{"0":{"start":{"line":1,"column":0},"end":{"line":1,"column":23}},"1":{"start":{"line":2,"column":0},"end":{"line":2,"column":23}}},"fnMap":{},"branchMap":{},"s":{"0":0,"1":0},"f":{},"b":{}}
,"C:\\Users\\hp\\projects\\hub\\task-management\\src\\schema\\task.ts": {"path":"C:\\Users\\hp\\projects\\hub\\task-management\\src\\schema\\task.ts","statementMap":{"0":{"start":{"line":1,"column":0},"end":{"line":1,"column":42}},"1":{"start":{"line":2,"column":0},"end":{"line":2,"column":24}},"2":{"start":{"line":4,"column":13},"end":{"line":11,"column":3}},"3":{"start":{"line":13,"column":13},"end":{"line":16,"column":3}}},"fnMap":{},"branchMap":{},"s":{"0":0,"1":0,"2":0,"3":0},"f":{},"b":{}}
,"C:\\Users\\hp\\projects\\hub\\task-management\\src\\schema\\user.ts": {"path":"C:\\Users\\hp\\projects\\hub\\task-management\\src\\schema\\user.ts","statementMap":{"0":{"start":{"line":1,"column":0},"end":{"line":1,"column":24}},"1":{"start":{"line":3,"column":13},"end":{"line":7,"column":3}},"2":{"start":{"line":8,"column":13},"end":{"line":11,"column":3}},"3":{"start":{"line":12,"column":13},"end":{"line":14,"column":3}},"4":{"start":{"line":15,"column":13},"end":{"line":17,"column":3}},"5":{"start":{"line":19,"column":13},"end":{"line":23,"column":3}}},"fnMap":{},"branchMap":{},"s":{"0":0,"1":0,"2":0,"3":0,"4":0,"5":0},"f":{},"b":{}}
,"C:\\Users\\hp\\projects\\hub\\task-management\\src\\services\\authService.ts": {"path":"C:\\Users\\hp\\projects\\hub\\task-management\\src\\services\\authService.ts","statementMap":{"0":{"start":{"line":3,"column":0},"end":{"line":3,"column":34}},"1":{"start":{"line":4,"column":0},"end":{"line":4,"column":null}},"2":{"start":{"line":10,"column":0},"end":{"line":10,"column":null}},"3":{"start":{"line":17,"column":0},"end":{"line":17,"column":45}},"4":{"start":{"line":18,"column":0},"end":{"line":18,"column":45}},"5":{"start":{"line":19,"column":0},"end":{"line":19,"column":31}},"6":{"start":{"line":21,"column":10},"end":{"line":21,"column":40}},"7":{"start":{"line":22,"column":10},"end":{"line":22,"column":44}},"8":{"start":{"line":165,"column":2},"end":{"line":203,"column":4}},"9":{"start":{"line":169,"column":36},"end":{"line":203,"column":4}},"10":{"start":{"line":170,"column":4},"end":{"line":172,"column":5}},"11":{"start":{"line":171,"column":6},"end":{"line":171,"column":53}},"12":{"start":{"line":173,"column":16},"end":{"line":176,"column":6}},"13":{"start":{"line":177,"column":4},"end":{"line":179,"column":5}},"14":{"start":{"line":178,"column":6},"end":{"line":178,"column":48}},"15":{"start":{"line":181,"column":4},"end":{"line":187,"column":5}},"16":{"start":{"line":183,"column":6},"end":{"line":185,"column":9}},"17":{"start":{"line":186,"column":6},"end":{"line":186,"column":43}},"18":{"start":{"line":189,"column":27},"end":{"line":189,"column":59}},"19":{"start":{"line":190,"column":4},"end":{"line":198,"column":7}},"20":{"start":{"line":200,"column":4},"end":{"line":202,"column":6}},"21":{"start":{"line":27,"column":42},"end":{"line":27,"column":49}},"22":{"start":{"line":28,"column":27},"end":{"line":28,"column":55}},"23":{"start":{"line":29,"column":15},"end":{"line":29,"column":70}},"24":{"start":{"line":30,"column":4},"end":{"line":32,"column":5}},"25":{"start":{"line":31,"column":6},"end":{"line":31,"column":48}},"26":{"start":{"line":33,"column":20},"end":{"line":39,"column":6}},"27":{"start":{"line":41,"column":16},"end":{"line":41,"column":59}},"28":{"start":{"line":43,"column":6},"end":{"line":43,"column":71}},"29":{"start":{"line":45,"column":4},"end":{"line":51,"column":7}},"30":{"start":{"line":52,"column":25},"end":{"line":56,"column":6}},"31":{"start":{"line":57,"column":4},"end":{"line":61,"column":6}},"32":{"start":{"line":69,"column":32},"end":{"line":69,"column":39}},"33":{"start":{"line":70,"column":17},"end":{"line":70,"column":72}},"34":{"start":{"line":71,"column":4},"end":{"line":73,"column":5}},"35":{"start":{"line":72,"column":6},"end":{"line":72,"column":51}},"36":{"start":{"line":74,"column":4},"end":{"line":78,"column":5}},"37":{"start":{"line":75,"column":6},"end":{"line":77,"column":8}},"38":{"start":{"line":79,"column":28},"end":{"line":79,"column":74}},"39":{"start":{"line":80,"column":4},"end":{"line":82,"column":5}},"40":{"start":{"line":81,"column":6},"end":{"line":81,"column":52}},"41":{"start":{"line":83,"column":25},"end":{"line":83,"column":59}},"42":{"start":{"line":84,"column":25},"end":{"line":88,"column":6}},"43":{"start":{"line":90,"column":4},"end":{"line":94,"column":6}},"44":{"start":{"line":98,"column":17},"end":{"line":100,"column":6}},"45":{"start":{"line":101,"column":4},"end":{"line":103,"column":5}},"46":{"start":{"line":102,"column":6},"end":{"line":102,"column":51}},"47":{"start":{"line":104,"column":4},"end":{"line":106,"column":5}},"48":{"start":{"line":105,"column":6},"end":{"line":105,"column":51}},"49":{"start":{"line":107,"column":18},"end":{"line":107,"column":39}},"50":{"start":{"line":108,"column":24},"end":{"line":108,"column":61}},"51":{"start":{"line":110,"column":16},"end":{"line":116,"column":6}},"52":{"start":{"line":118,"column":6},"end":{"line":118,"column":76}},"53":{"start":{"line":120,"column":4},"end":{"line":126,"column":7}},"54":{"start":{"line":127,"column":4},"end":{"line":129,"column":6}},"55":{"start":{"line":133,"column":17},"end":{"line":135,"column":6}},"56":{"start":{"line":136,"column":4},"end":{"line":138,"column":5}},"57":{"start":{"line":137,"column":6},"end":{"line":137,"column":51}},"58":{"start":{"line":140,"column":18},"end":{"line":140,"column":39}},"59":{"start":{"line":141,"column":24},"end":{"line":141,"column":61}},"60":{"start":{"line":143,"column":16},"end":{"line":149,"column":6}},"61":{"start":{"line":151,"column":6},"end":{"line":151,"column":78}},"62":{"start":{"line":153,"column":4},"end":{"line":159,"column":7}},"63":{"start":{"line":160,"column":4},"end":{"line":162,"column":6}},"64":{"start":{"line":20,"column":0},"end":{"line":20,"column":13}}},"fnMap":{"0":{"name":"(anonymous_8)","decl":{"start":{"line":20,"column":0},"end":{"line":20,"column":13}},"loc":{"start":{"line":20,"column":0},"end":{"line":204,"column":1}}},"1":{"name":"(anonymous_9)","decl":{"start":{"line":165,"column":18},"end":{"line":165,"column":null}},"loc":{"start":{"line":169,"column":36},"end":{"line":203,"column":4}}},"2":{"name":"(anonymous_10)","decl":{"start":{"line":169,"column":36},"end":{"line":169,"column":null}},"loc":{"start":{"line":169,"column":36},"end":{"line":203,"column":3}}},"3":{"name":"(anonymous_11)","decl":{"start":{"line":23,"column":15},"end":{"line":23,"column":21}},"loc":{"start":{"line":23,"column":42},"end":{"line":62,"column":null}}},"4":{"name":"(anonymous_13)","decl":{"start":{"line":64,"column":15},"end":{"line":64,"column":20}},"loc":{"start":{"line":64,"column":40},"end":{"line":95,"column":null}}},"5":{"name":"(anonymous_15)","decl":{"start":{"line":97,"column":15},"end":{"line":97,"column":24}},"loc":{"start":{"line":97,"column":38},"end":{"line":130,"column":null}}},"6":{"name":"(anonymous_17)","decl":{"start":{"line":132,"column":15},"end":{"line":132,"column":29}},"loc":{"start":{"line":132,"column":43},"end":{"line":163,"column":null}}}},"branchMap":{"0":{"loc":{"start":{"line":170,"column":4},"end":{"line":172,"column":5}},"type":"if","locations":[{"start":{"line":170,"column":4},"end":{"line":172,"column":5}}]},"1":{"loc":{"start":{"line":177,"column":4},"end":{"line":179,"column":5}},"type":"if","locations":[{"start":{"line":177,"column":4},"end":{"line":179,"column":5}}]},"2":{"loc":{"start":{"line":181,"column":4},"end":{"line":187,"column":5}},"type":"if","locations":[{"start":{"line":181,"column":4},"end":{"line":187,"column":5}}]},"3":{"loc":{"start":{"line":30,"column":4},"end":{"line":32,"column":5}},"type":"if","locations":[{"start":{"line":30,"column":4},"end":{"line":32,"column":5}}]},"4":{"loc":{"start":{"line":71,"column":4},"end":{"line":73,"column":5}},"type":"if","locations":[{"start":{"line":71,"column":4},"end":{"line":73,"column":5}}]},"5":{"loc":{"start":{"line":74,"column":4},"end":{"line":78,"column":5}},"type":"if","locations":[{"start":{"line":74,"column":4},"end":{"line":78,"column":5}}]},"6":{"loc":{"start":{"line":80,"column":4},"end":{"line":82,"column":5}},"type":"if","locations":[{"start":{"line":80,"column":4},"end":{"line":82,"column":5}}]},"7":{"loc":{"start":{"line":101,"column":4},"end":{"line":103,"column":5}},"type":"if","locations":[{"start":{"line":101,"column":4},"end":{"line":103,"column":5}}]},"8":{"loc":{"start":{"line":104,"column":4},"end":{"line":106,"column":5}},"type":"if","locations":[{"start":{"line":104,"column":4},"end":{"line":106,"column":5}}]},"9":{"loc":{"start":{"line":136,"column":4},"end":{"line":138,"column":5}},"type":"if","locations":[{"start":{"line":136,"column":4},"end":{"line":138,"column":5}}]}},"s":{"0":0,"1":0,"2":0,"3":0,"4":0,"5":0,"6":0,"7":0,"8":0,"9":0,"10":0,"11":0,"12":0,"13":0,"14":0,"15":0,"16":0,"17":0,"18":0,"19":0,"20":0,"21":0,"22":0,"23":0,"24":0,"25":0,"26":0,"27":0,"28":0,"29":0,"30":0,"31":0,"32":0,"33":0,"34":0,"35":0,"36":0,"37":0,"38":0,"39":0,"40":0,"41":0,"42":0,"43":0,"44":0,"45":0,"46":0,"47":0,"48":0,"49":0,"50":0,"51":0,"52":0,"53":0,"54":0,"55":0,"56":0,"57":0,"58":0,"59":0,"60":0,"61":0,"62":0,"63":0,"64":0},"f":{"0":0,"1":0,"2":0,"3":0,"4":0,"5":0,"6":0},"b":{"0":[0],"1":[0],"2":[0],"3":[0],"4":[0],"5":[0],"6":[0],"7":[0],"8":[0],"9":[0]}}
,"C:\\Users\\hp\\projects\\hub\\task-management\\src\\services\\emailService.ts": {"path":"C:\\Users\\hp\\projects\\hub\\task-management\\src\\services\\emailService.ts","statementMap":{"0":{"start":{"line":1,"column":0},"end":{"line":1,"column":47}},"1":{"start":{"line":4,"column":18},"end":{"line":17,"column":4}},"2":{"start":{"line":19,"column":37},"end":{"line":19,"column":67}},"3":{"start":{"line":20,"column":4},"end":{"line":23,"column":6}},"4":{"start":{"line":27,"column":18},"end":{"line":40,"column":4}},"5":{"start":{"line":42,"column":37},"end":{"line":42,"column":67}},"6":{"start":{"line":43,"column":4},"end":{"line":46,"column":6}},"7":{"start":{"line":50,"column":18},"end":{"line":58,"column":4}},"8":{"start":{"line":60,"column":37},"end":{"line":60,"column":67}},"9":{"start":{"line":61,"column":4},"end":{"line":64,"column":6}},"10":{"start":{"line":2,"column":0},"end":{"line":2,"column":13}}},"fnMap":{"0":{"name":"(anonymous_8)","decl":{"start":{"line":3,"column":8},"end":{"line":3,"column":27}},"loc":{"start":{"line":3,"column":59},"end":{"line":24,"column":null}}},"1":{"name":"(anonymous_10)","decl":{"start":{"line":26,"column":8},"end":{"line":26,"column":29}},"loc":{"start":{"line":26,"column":61},"end":{"line":47,"column":null}}},"2":{"name":"(anonymous_12)","decl":{"start":{"line":49,"column":8},"end":{"line":49,"column":30}},"loc":{"start":{"line":49,"column":49},"end":{"line":65,"column":null}}}},"branchMap":{},"s":{"0":0,"1":0,"2":0,"3":0,"4":0,"5":0,"6":0,"7":0,"8":0,"9":0,"10":0},"f":{"0":0,"1":0,"2":0},"b":{}}
,"C:\\Users\\hp\\projects\\hub\\task-management\\src\\services\\index.ts": {"path":"C:\\Users\\hp\\projects\\hub\\task-management\\src\\services\\index.ts","statementMap":{"0":{"start":{"line":1,"column":0},"end":{"line":1,"column":30}},"1":{"start":{"line":2,"column":0},"end":{"line":2,"column":29}},"2":{"start":{"line":3,"column":0},"end":{"line":3,"column":31}}},"fnMap":{},"branchMap":{},"s":{"0":0,"1":0,"2":0},"f":{},"b":{}}
,"C:\\Users\\hp\\projects\\hub\\task-management\\src\\services\\otpService.ts": {"path":"C:\\Users\\hp\\projects\\hub\\task-management\\src\\services\\otpService.ts","statementMap":{"0":{"start":{"line":2,"column":0},"end":{"line":2,"column":46}},"1":{"start":{"line":3,"column":0},"end":{"line":3,"column":59}},"2":{"start":{"line":4,"column":0},"end":{"line":4,"column":44}},"3":{"start":{"line":8,"column":17},"end":{"line":10,"column":6}},"4":{"start":{"line":11,"column":4},"end":{"line":13,"column":5}},"5":{"start":{"line":12,"column":6},"end":{"line":12,"column":51}},"6":{"start":{"line":15,"column":18},"end":{"line":15,"column":39}},"7":{"start":{"line":16,"column":24},"end":{"line":16,"column":61}},"8":{"start":{"line":18,"column":16},"end":{"line":24,"column":6}},"9":{"start":{"line":26,"column":4},"end":{"line":26,"column":15}},"10":{"start":{"line":30,"column":16},"end":{"line":33,"column":6}},"11":{"start":{"line":34,"column":4},"end":{"line":36,"column":5}},"12":{"start":{"line":35,"column":6},"end":{"line":35,"column":48}},"13":{"start":{"line":38,"column":4},"end":{"line":44,"column":5}},"14":{"start":{"line":40,"column":6},"end":{"line":42,"column":9}},"15":{"start":{"line":43,"column":6},"end":{"line":43,"column":43}},"16":{"start":{"line":47,"column":4},"end":{"line":55,"column":7}},"17":{"start":{"line":57,"column":4},"end":{"line":59,"column":6}},"18":{"start":{"line":6,"column":0},"end":{"line":6,"column":13}}},"fnMap":{"0":{"name":"(anonymous_8)","decl":{"start":{"line":7,"column":15},"end":{"line":7,"column":24}},"loc":{"start":{"line":7,"column":39},"end":{"line":27,"column":null}}},"1":{"name":"(anonymous_10)","decl":{"start":{"line":29,"column":15},"end":{"line":29,"column":24}},"loc":{"start":{"line":29,"column":38},"end":{"line":60,"column":null}}}},"branchMap":{"0":{"loc":{"start":{"line":11,"column":4},"end":{"line":13,"column":5}},"type":"if","locations":[{"start":{"line":11,"column":4},"end":{"line":13,"column":5}}]},"1":{"loc":{"start":{"line":34,"column":4},"end":{"line":36,"column":5}},"type":"if","locations":[{"start":{"line":34,"column":4},"end":{"line":36,"column":5}}]},"2":{"loc":{"start":{"line":38,"column":4},"end":{"line":44,"column":5}},"type":"if","locations":[{"start":{"line":38,"column":4},"end":{"line":44,"column":5}}]}},"s":{"0":0,"1":0,"2":0,"3":0,"4":0,"5":0,"6":0,"7":0,"8":0,"9":0,"10":0,"11":0,"12":0,"13":0,"14":0,"15":0,"16":0,"17":0,"18":0},"f":{"0":0,"1":0},"b":{"0":[0],"1":[0],"2":[0]}}
,"C:\\Users\\hp\\projects\\hub\\task-management\\src\\services\\taskService.ts": {"path":"C:\\Users\\hp\\projects\\hub\\task-management\\src\\services\\taskService.ts","statementMap":{"0":{"start":{"line":1,"column":0},"end":{"line":1,"column":34}},"1":{"start":{"line":4,"column":0},"end":{"line":4,"column":76}},"2":{"start":{"line":5,"column":0},"end":{"line":5,"column":49}},"3":{"start":{"line":6,"column":0},"end":{"line":6,"column":45}},"4":{"start":{"line":7,"column":0},"end":{"line":7,"column":46}},"5":{"start":{"line":8,"column":0},"end":{"line":8,"column":31}},"6":{"start":{"line":11,"column":10},"end":{"line":11,"column":44}},"7":{"start":{"line":16,"column":68},"end":{"line":16,"column":75}},"8":{"start":{"line":17,"column":23},"end":{"line":17,"column":42}},"9":{"start":{"line":19,"column":17},"end":{"line":30,"column":6}},"10":{"start":{"line":32,"column":4},"end":{"line":35,"column":6}},"11":{"start":{"line":39,"column":17},"end":{"line":39,"column":35}},"12":{"start":{"line":41,"column":18},"end":{"line":50,"column":6}},"13":{"start":{"line":51,"column":4},"end":{"line":56,"column":5}},"14":{"start":{"line":52,"column":6},"end":{"line":55,"column":8}},"15":{"start":{"line":57,"column":4},"end":{"line":60,"column":6}},"16":{"start":{"line":64,"column":17},"end":{"line":72,"column":6}},"17":{"start":{"line":73,"column":4},"end":{"line":78,"column":5}},"18":{"start":{"line":74,"column":6},"end":{"line":77,"column":8}},"19":{"start":{"line":79,"column":4},"end":{"line":82,"column":6}},"20":{"start":{"line":87,"column":17},"end":{"line":92,"column":6}},"21":{"start":{"line":94,"column":4},"end":{"line":98,"column":5}},"22":{"start":{"line":95,"column":6},"end":{"line":97,"column":8}},"23":{"start":{"line":100,"column":4},"end":{"line":102,"column":7}},"24":{"start":{"line":104,"column":4},"end":{"line":107,"column":6}},"25":{"start":{"line":115,"column":17},"end":{"line":123,"column":6}},"26":{"start":{"line":125,"column":4},"end":{"line":129,"column":5}},"27":{"start":{"line":126,"column":6},"end":{"line":128,"column":8}},"28":{"start":{"line":130,"column":68},"end":{"line":130,"column":75}},"29":{"start":{"line":131,"column":23},"end":{"line":131,"column":42}},"30":{"start":{"line":133,"column":24},"end":{"line":143,"column":6}},"31":{"start":{"line":145,"column":4},"end":{"line":148,"column":6}},"32":{"start":{"line":155,"column":4},"end":{"line":155,"column":24}},"33":{"start":{"line":156,"column":17},"end":{"line":156,"column":77}},"34":{"start":{"line":157,"column":4},"end":{"line":159,"column":5}},"35":{"start":{"line":158,"column":6},"end":{"line":158,"column":69}},"36":{"start":{"line":161,"column":23},"end":{"line":164,"column":6}},"37":{"start":{"line":166,"column":4},"end":{"line":177,"column":7}},"38":{"start":{"line":166,"column":35},"end":{"line":177,"column":6}},"39":{"start":{"line":168,"column":8},"end":{"line":168,"column":61}},"40":{"start":{"line":170,"column":6},"end":{"line":176,"column":9}},"41":{"start":{"line":179,"column":4},"end":{"line":182,"column":6}},"42":{"start":{"line":10,"column":0},"end":{"line":10,"column":13}}},"fnMap":{"0":{"name":"(anonymous_8)","decl":{"start":{"line":10,"column":0},"end":{"line":10,"column":13}},"loc":{"start":{"line":10,"column":0},"end":{"line":184,"column":1}}},"1":{"name":"(anonymous_9)","decl":{"start":{"line":12,"column":15},"end":{"line":12,"column":25}},"loc":{"start":{"line":14,"column":18},"end":{"line":36,"column":null}}},"2":{"name":"(anonymous_11)","decl":{"start":{"line":38,"column":15},"end":{"line":38,"column":25}},"loc":{"start":{"line":38,"column":65},"end":{"line":61,"column":null}}},"3":{"name":"(anonymous_13)","decl":{"start":{"line":63,"column":15},"end":{"line":63,"column":26}},"loc":{"start":{"line":63,"column":53},"end":{"line":83,"column":null}}},"4":{"name":"(anonymous_15)","decl":{"start":{"line":85,"column":15},"end":{"line":85,"column":25}},"loc":{"start":{"line":85,"column":52},"end":{"line":108,"column":null}}},"5":{"name":"(anonymous_17)","decl":{"start":{"line":110,"column":15},"end":{"line":110,"column":25}},"loc":{"start":{"line":113,"column":18},"end":{"line":149,"column":null}}},"6":{"name":"(anonymous_19)","decl":{"start":{"line":151,"column":15},"end":{"line":151,"column":24}},"loc":{"start":{"line":153,"column":18},"end":{"line":183,"column":null}}},"7":{"name":"(anonymous_21)","decl":{"start":{"line":166,"column":19},"end":{"line":166,"column":26}},"loc":{"start":{"line":166,"column":35},"end":{"line":177,"column":6}}},"8":{"name":"(anonymous_22)","decl":{"start":{"line":166,"column":35},"end":{"line":166,"column":null}},"loc":{"start":{"line":166,"column":35},"end":{"line":177,"column":5}}}},"branchMap":{"0":{"loc":{"start":{"line":51,"column":4},"end":{"line":56,"column":5}},"type":"if","locations":[{"start":{"line":51,"column":4},"end":{"line":56,"column":5}}]},"1":{"loc":{"start":{"line":73,"column":4},"end":{"line":78,"column":5}},"type":"if","locations":[{"start":{"line":73,"column":4},"end":{"line":78,"column":5}}]},"2":{"loc":{"start":{"line":94,"column":4},"end":{"line":98,"column":5}},"type":"if","locations":[{"start":{"line":94,"column":4},"end":{"line":98,"column":5}}]},"3":{"loc":{"start":{"line":125,"column":4},"end":{"line":129,"column":5}},"type":"if","locations":[{"start":{"line":125,"column":4},"end":{"line":129,"column":5}}]},"4":{"loc":{"start":{"line":157,"column":4},"end":{"line":159,"column":5}},"type":"if","locations":[{"start":{"line":157,"column":4},"end":{"line":159,"column":5}}]}},"s":{"0":0,"1":0,"2":0,"3":0,"4":0,"5":0,"6":0,"7":0,"8":0,"9":0,"10":0,"11":0,"12":0,"13":0,"14":0,"15":0,"16":0,"17":0,"18":0,"19":0,"20":0,"21":0,"22":0,"23":0,"24":0,"25":0,"26":0,"27":0,"28":0,"29":0,"30":0,"31":0,"32":0,"33":0,"34":0,"35":0,"36":0,"37":0,"38":0,"39":0,"40":0,"41":0,"42":0},"f":{"0":0,"1":0,"2":0,"3":0,"4":0,"5":0,"6":0,"7":0,"8":0},"b":{"0":[0],"1":[0],"2":[0],"3":[0],"4":[0]}}
,"C:\\Users\\hp\\projects\\hub\\task-management\\src\\utils\\customEmail.ts": {"path":"C:\\Users\\hp\\projects\\hub\\task-management\\src\\utils\\customEmail.ts","statementMap":{"0":{"start":{"line":1,"column":19},"end":{"line":1,"column":40}},"1":{"start":{"line":2,"column":16},"end":{"line":2,"column":34}},"2":{"start":{"line":4,"column":20},"end":{"line":36,"column":1}},"3":{"start":{"line":5,"column":24},"end":{"line":14,"column":4}},"4":{"start":{"line":16,"column":16},"end":{"line":30,"column":4}},"5":{"start":{"line":32,"column":20},"end":{"line":32,"column":49}},"6":{"start":{"line":33,"column":20},"end":{"line":33,"column":58}},"7":{"start":{"line":35,"column":2},"end":{"line":35,"column":34}},"8":{"start":{"line":37,"column":0},"end":{"line":37,"column":27}}},"fnMap":{"0":{"name":"(anonymous_0)","decl":{"start":{"line":4,"column":20},"end":{"line":4,"column":21}},"loc":{"start":{"line":4,"column":52},"end":{"line":36,"column":1}}}},"branchMap":{},"s":{"0":0,"1":0,"2":0,"3":0,"4":0,"5":0,"6":0,"7":0,"8":0},"f":{"0":0},"b":{}}
,"C:\\Users\\hp\\projects\\hub\\task-management\\src\\utils\\formatDate.ts": {"path":"C:\\Users\\hp\\projects\\hub\\task-management\\src\\utils\\formatDate.ts","statementMap":{"0":{"start":{"line":1,"column":0},"end":{"line":1,"column":44}},"1":{"start":{"line":2,"column":26},"end":{"line":15,"column":1}},"2":{"start":{"line":3,"column":2},"end":{"line":5,"column":3}},"3":{"start":{"line":4,"column":4},"end":{"line":4,"column":54}},"4":{"start":{"line":6,"column":21},"end":{"line":7,"column":null}},"5":{"start":{"line":10,"column":22},"end":{"line":10,"column":32}},"6":{"start":{"line":11,"column":2},"end":{"line":13,"column":3}},"7":{"start":{"line":12,"column":4},"end":{"line":12,"column":66}},"8":{"start":{"line":14,"column":2},"end":{"line":14,"column":20}},"9":{"start":{"line":2,"column":13},"end":{"line":2,"column":26}}},"fnMap":{"0":{"name":"(anonymous_0)","decl":{"start":{"line":2,"column":26},"end":{"line":2,"column":27}},"loc":{"start":{"line":2,"column":38},"end":{"line":15,"column":1}}}},"branchMap":{"0":{"loc":{"start":{"line":3,"column":2},"end":{"line":5,"column":3}},"type":"if","locations":[{"start":{"line":3,"column":2},"end":{"line":5,"column":3}}]},"1":{"loc":{"start":{"line":3,"column":6},"end":{"line":3,"column":65}},"type":"binary-expr","locations":[{"start":{"line":3,"column":6},"end":{"line":3,"column":14}},{"start":{"line":3,"column":18},"end":{"line":3,"column":31}},{"start":{"line":3,"column":35},"end":{"line":3,"column":49}},{"start":{"line":3,"column":53},"end":{"line":3,"column":65}}]},"2":{"loc":{"start":{"line":11,"column":2},"end":{"line":13,"column":3}},"type":"if","locations":[{"start":{"line":11,"column":2},"end":{"line":13,"column":3}}]},"3":{"loc":{"start":{"line":11,"column":6},"end":{"line":11,"column":64}},"type":"binary-expr","locations":[{"start":{"line":11,"column":6},"end":{"line":11,"column":35}},{"start":{"line":11,"column":39},"end":{"line":11,"column":64}}]}},"s":{"0":0,"1":0,"2":0,"3":0,"4":0,"5":0,"6":0,"7":0,"8":0,"9":0},"f":{"0":0},"b":{"0":[0],"1":[0,0,0,0],"2":[0],"3":[0,0]}}
,"C:\\Users\\hp\\projects\\hub\\task-management\\src\\utils\\getPublicId.ts": {"path":"C:\\Users\\hp\\projects\\hub\\task-management\\src\\utils\\getPublicId.ts","statementMap":{"0":{"start":{"line":1,"column":34},"end":{"line":6,"column":1}},"1":{"start":{"line":2,"column":18},"end":{"line":2,"column":32}},"2":{"start":{"line":3,"column":21},"end":{"line":3,"column":44}},"3":{"start":{"line":4,"column":34},"end":{"line":4,"column":56}},"4":{"start":{"line":5,"column":4},"end":{"line":5,"column":64}},"5":{"start":{"line":1,"column":13},"end":{"line":1,"column":34}}},"fnMap":{"0":{"name":"(anonymous_0)","decl":{"start":{"line":1,"column":34},"end":{"line":1,"column":35}},"loc":{"start":{"line":1,"column":50},"end":{"line":6,"column":1}}}},"branchMap":{"0":{"loc":{"start":{"line":5,"column":11},"end":{"line":5,"column":63}},"type":"cond-expr","locations":[{"start":{"line":5,"column":35},"end":{"line":5,"column":56}},{"start":{"line":5,"column":59},"end":{"line":5,"column":63}}]}},"s":{"0":0,"1":0,"2":0,"3":0,"4":0,"5":0},"f":{"0":0},"b":{"0":[0,0]}}
,"C:\\Users\\hp\\projects\\hub\\task-management\\src\\utils\\index.ts": {"path":"C:\\Users\\hp\\projects\\hub\\task-management\\src\\utils\\index.ts","statementMap":{"0":{"start":{"line":9,"column":0},"end":{"line":9,"column":22}},"1":{"start":{"line":13,"column":0},"end":{"line":13,"column":22}},"2":{"start":{"line":20,"column":0},"end":{"line":20,"column":22}},"3":{"start":{"line":1,"column":0},"end":{"line":1,"column":33}},"4":{"start":{"line":2,"column":0},"end":{"line":2,"column":43}},"5":{"start":{"line":3,"column":0},"end":{"line":3,"column":31}},"6":{"start":{"line":4,"column":0},"end":{"line":4,"column":31}},"7":{"start":{"line":6,"column":35},"end":{"line":7,"column":28}},"8":{"start":{"line":7,"column":2},"end":{"line":7,"column":28}},"9":{"start":{"line":6,"column":13},"end":{"line":6,"column":35}},"10":{"start":{"line":10,"column":2},"end":{"line":10,"column":41}},"11":{"start":{"line":17,"column":2},"end":{"line":17,"column":56}},"12":{"start":{"line":21,"column":2},"end":{"line":23,"column":5}},"13":{"start":{"line":26,"column":34},"end":{"line":32,"column":1}},"14":{"start":{"line":27,"column":12},"end":{"line":27,"column":14}},"15":{"start":{"line":28,"column":2},"end":{"line":30,"column":3}},"16":{"start":{"line":28,"column":15},"end":{"line":28,"column":16}},"17":{"start":{"line":29,"column":4},"end":{"line":29,"column":56}},"18":{"start":{"line":31,"column":2},"end":{"line":31,"column":13}},"19":{"start":{"line":26,"column":13},"end":{"line":26,"column":34}},"20":{"start":{"line":34,"column":27},"end":{"line":47,"column":1}},"21":{"start":{"line":35,"column":2},"end":{"line":46,"column":3}},"22":{"start":{"line":36,"column":20},"end":{"line":36,"column":59}},"23":{"start":{"line":37,"column":4},"end":{"line":37,"column":46}},"24":{"start":{"line":39,"column":4},"end":{"line":42,"column":8}},"25":{"start":{"line":40,"column":6},"end":{"line":42,"column":8}},"26":{"start":{"line":43,"column":4},"end":{"line":45,"column":6}},"27":{"start":{"line":34,"column":13},"end":{"line":34,"column":27}},"28":{"start":{"line":49,"column":13},"end":{"line":53,"column":3}}},"fnMap":{"0":{"name":"(anonymous_14)","decl":{"start":{"line":6,"column":35},"end":{"line":6,"column":36}},"loc":{"start":{"line":7,"column":2},"end":{"line":7,"column":28}}},"1":{"name":"hashPassword","decl":{"start":{"line":9,"column":22},"end":{"line":9,"column":34}},"loc":{"start":{"line":9,"column":51},"end":{"line":11,"column":null}}},"2":{"name":"comparePassword","decl":{"start":{"line":13,"column":22},"end":{"line":13,"column":37}},"loc":{"start":{"line":15,"column":24},"end":{"line":18,"column":null}}},"3":{"name":"generateAccessToken","decl":{"start":{"line":20,"column":22},"end":{"line":20,"column":41}},"loc":{"start":{"line":20,"column":56},"end":{"line":24,"column":null}}},"4":{"name":"(anonymous_21)","decl":{"start":{"line":26,"column":34},"end":{"line":26,"column":35}},"loc":{"start":{"line":26,"column":61},"end":{"line":32,"column":1}}},"5":{"name":"(anonymous_22)","decl":{"start":{"line":34,"column":27},"end":{"line":34,"column":28}},"loc":{"start":{"line":34,"column":77},"end":{"line":47,"column":1}}}},"branchMap":{"0":{"loc":{"start":{"line":39,"column":4},"end":{"line":42,"column":8}},"type":"if","locations":[{"start":{"line":39,"column":4},"end":{"line":42,"column":8}}]}},"s":{"0":0,"1":0,"2":0,"3":0,"4":0,"5":0,"6":0,"7":0,"8":0,"9":0,"10":0,"11":0,"12":0,"13":0,"14":0,"15":0,"16":0,"17":0,"18":0,"19":0,"20":0,"21":0,"22":0,"23":0,"24":0,"25":0,"26":0,"27":0,"28":0},"f":{"0":0,"1":0,"2":0,"3":0,"4":0,"5":0},"b":{"0":[0]}}
,"C:\\Users\\hp\\projects\\hub\\task-management\\src\\utils\\logger.ts": {"path":"C:\\Users\\hp\\projects\\hub\\task-management\\src\\utils\\logger.ts","statementMap":{"0":{"start":{"line":1,"column":0},"end":{"line":1,"column":24}},"1":{"start":{"line":2,"column":0},"end":{"line":2,"column":26}},"2":{"start":{"line":4,"column":12},"end":{"line":12,"column":2}},"3":{"start":{"line":11,"column":21},"end":{"line":11,"column":52}},"4":{"start":{"line":14,"column":0},"end":{"line":14,"column":19}}},"fnMap":{"0":{"name":"(anonymous_1)","decl":{"start":{"line":11,"column":15},"end":{"line":11,"column":18}},"loc":{"start":{"line":11,"column":21},"end":{"line":11,"column":52}}}},"branchMap":{},"s":{"0":0,"1":0,"2":0,"3":0,"4":0},"f":{"0":0},"b":{}}
,"C:\\Users\\hp\\projects\\hub\\task-management\\src\\utils\\sendMail.ts": {"path":"C:\\Users\\hp\\projects\\hub\\task-management\\src\\utils\\sendMail.ts","statementMap":{"0":{"start":{"line":1,"column":0},"end":{"line":1,"column":36}},"1":{"start":{"line":2,"column":0},"end":{"line":2,"column":31}},"2":{"start":{"line":3,"column":0},"end":{"line":3,"column":44}},"3":{"start":{"line":4,"column":0},"end":{"line":4,"column":27}},"4":{"start":{"line":6,"column":17},"end":{"line":26,"column":2}},"5":{"start":{"line":6,"column":45},"end":{"line":26,"column":2}},"6":{"start":{"line":7,"column":22},"end":{"line":16,"column":4}},"7":{"start":{"line":17,"column":2},"end":{"line":25,"column":3}},"8":{"start":{"line":18,"column":21},"end":{"line":18,"column":47}},"9":{"start":{"line":19,"column":4},"end":{"line":19,"column":23}},"10":{"start":{"line":20,"column":4},"end":{"line":20,"column":45}},"11":{"start":{"line":21,"column":4},"end":{"line":21,"column":38}},"12":{"start":{"line":23,"column":4},"end":{"line":23,"column":21}},"13":{"start":{"line":24,"column":4},"end":{"line":24,"column":48}},"14":{"start":{"line":28,"column":9},"end":{"line":28,"column":17}}},"fnMap":{"0":{"name":"(anonymous_8)","decl":{"start":{"line":6,"column":17},"end":{"line":6,"column":24}},"loc":{"start":{"line":6,"column":45},"end":{"line":26,"column":2}}},"1":{"name":"(anonymous_9)","decl":{"start":{"line":6,"column":45},"end":{"line":6,"column":null}},"loc":{"start":{"line":6,"column":45},"end":{"line":26,"column":1}}}},"branchMap":{},"s":{"0":0,"1":0,"2":0,"3":0,"4":0,"5":0,"6":0,"7":0,"8":0,"9":0,"10":0,"11":0,"12":0,"13":0,"14":0},"f":{"0":0,"1":0},"b":{}}
}
